\BOOKMARK [1][-]{section.1}{\376\377\0001\000.\000\040\000I\000n\000t\000r\000o\000d\000u\000c\000t\000i\000o\000n}{}% 1
\BOOKMARK [1][-]{section.2}{\376\377\0002\000.\000\040\000G\000r\000a\000p\000h\000\040\000C\000o\000m\000p\000l\000e\000x\000e\000s\000\040\000i\000n\000\040\000w\000e\000i\000g\000h\000t\000\040\0001\0003}{}% 2
\BOOKMARK [2][-]{subsection.2.1}{\376\377\0002\000.\0001\000.\000\040\000T\000h\000e\000\040\000s\000i\000m\000p\000l\000i\000f\000i\000e\000d\000\040\000G\000e\000t\000z\000l\000e\000r\000-\000K\000a\000p\000r\000a\000n\000o\000v\000\040\000g\000r\000a\000p\000h\000\040\000c\000o\000m\000p\000l\000e\000x\000\040\000i\000n\000\040\000w\000e\000i\000g\000h\000t\000\040\0001\0003}{section.2}% 3
\BOOKMARK [2][-]{subsection.2.2}{\376\377\0002\000.\0002\000.\000\040\000B\000l\000o\000w\000n\000-\000u\000p\000\040\000r\000e\000p\000r\000e\000s\000e\000n\000t\000a\000t\000i\000o\000n\000\040\000o\000f\000\040\000t\000h\000e\000\040\000g\000e\000n\000e\000r\000a\000t\000o\000r\000s}{section.2}% 4
\BOOKMARK [2][-]{subsection.2.3}{\376\377\0002\000.\0003\000.\000\040\000A\000c\000t\000i\000o\000n\000\040\000o\000f\000\040\000t\000h\000e\000\040\000d\000i\000f\000f\000e\000r\000e\000n\000t\000i\000a\000l\000\040\000o\000n\000\040\000t\000h\000e\000\040\000g\000e\000n\000e\000r\000a\000t\000o\000r\000s}{section.2}% 5
\BOOKMARK [1][-]{section.3}{\376\377\0003\000.\000\040\000C\000o\000m\000p\000u\000t\000e\000r\000\040\000p\000r\000o\000g\000r\000a\000m}{}% 6
\BOOKMARK [2][-]{subsection.3.1}{\376\377\0003\000.\0001\000.\000\040\000G\000e\000n\000e\000r\000a\000t\000e\000\040\000b\000l\000o\000w\000n\000-\000u\000p\000\040\000c\000o\000m\000p\000o\000n\000e\000n\000t\000s}{section.3}% 7
\BOOKMARK [2][-]{subsection.3.2}{\376\377\0003\000.\0002\000.\000\040\000W\000e\000i\000g\000h\000t\000\040\0002\000\040\000a\000n\000d\000\040\0003\000b\000\051\000\040\000r\000e\000l\000a\000t\000i\000o\000n\000s}{section.3}% 8
\BOOKMARK [2][-]{subsection.3.3}{\376\377\0003\000.\0003\000.\000\040\000G\000e\000n\000e\000r\000a\000t\000i\000n\000g\000\040\000v\000i\000r\000t\000u\000a\000l\000\040\000b\000l\000o\000w\000n\000-\000u\000p\000\040\000g\000r\000a\000p\000h\000s}{section.3}% 9
\BOOKMARK [2][-]{subsection.3.4}{\376\377\0003\000.\0004\000.\000\040\000W\000e\000i\000g\000h\000t\000\040\0001\0001\000\040\000r\000e\000l\000a\000t\000i\000o\000n\000s}{section.3}% 10
\BOOKMARK [2][-]{subsection.3.5}{\376\377\0003\000.\0005\000.\000\040\000W\000e\000i\000g\000h\000t\000\040\0001\0003\000\040\000r\000e\000l\000a\000t\000i\000o\000n\000s}{section.3}% 11
\BOOKMARK [2][-]{subsection.3.6}{\376\377\0003\000.\0006\000.\000\040\000C\000o\000m\000p\000l\000e\000t\000i\000n\000g\000\040\000v\000i\000r\000t\000u\000a\000l\000\040\000b\000l\000o\000w\000n\000-\000u\000p\000\040\000g\000r\000a\000p\000h\000s}{section.3}% 12
\BOOKMARK [2][-]{subsection.3.7}{\376\377\0003\000.\0007\000.\000\040\000R\000e\000a\000d\000i\000n\000g\000\040\000t\000h\000e\000\040\000d\000a\000t\000a}{section.3}% 13
\BOOKMARK [1][-]{section.4}{\376\377\0004\000.\000\040\000C\000o\000m\000p\000u\000t\000a\000t\000i\000o\000n\000s}{}% 14
\BOOKMARK [2][-]{subsection.4.1}{\376\377\0004\000.\0001\000.\000\040\000P\000r\000e\000v\000i\000o\000u\000s\000\040\000r\000e\000s\000u\000l\000t\000s\000\040\000i\000n\000\040\000e\000x\000c\000e\000s\000s\000\040\0002\0005\000,\0002\0006\000,\0002\0007}{section.4}% 15
\BOOKMARK [2][-]{subsection.4.2}{\376\377\0004\000.\0002\000.\000\040\000E\000x\000c\000e\000s\000s\000\040\0002\0008}{section.4}% 16
\BOOKMARK [1][-]{section.5}{\376\377\0005\000.\000\040\000A\000p\000p\000e\000n\000d\000i\000x}{}% 17
\BOOKMARK [2][-]{subsection.5.1}{\376\377\0005\000.\0001\000.\000\040\000T\000h\000e\000\040\000c\000a\000s\000e\000\040\000k\000=\0000\000,\000\040\000g\000=\0000\000,\000\040\000n\0003}{section.5}% 18
\BOOKMARK [2][-]{subsection.5.2}{\376\377\0005\000.\0002\000.\000\040\000T\000h\000e\000\040\000c\000a\000s\000e\000\040\000k\000=\000\050\0001\000,\0001\000\051\000,\000\040\000g\000=\0001\000,\000n\000=\0001}{section.5}% 19
\BOOKMARK [2][-]{subsection.5.3}{\376\377\0005\000.\0003\000.\000\040\000T\000h\000e\000\040\000c\000a\000s\000e\000\040\000k\000=\000\050\0001\000,\0001\000\051\000,\000\040\000g\000=\0000}{section.5}% 20
\BOOKMARK [2][-]{subsection.5.4}{\376\377\0005\000.\0004\000.\000\040\000T\000h\000e\000\040\000c\000a\000s\000e\000\040\000k\000=\000\050\0001\0001\000,\0000\000\051\000,\000\040\000g\000=\0001}{section.5}% 21
\BOOKMARK [2][-]{subsection.5.5}{\376\377\0005\000.\0005\000.\000\040\000T\000h\000e\000\040\000c\000a\000s\000e\000\040\000k\000=\000\050\0001\0002\000,\0001\000\051\000,\000\040\000g\000=\0001}{section.5}% 22
\BOOKMARK [2][-]{subsection.5.6}{\376\377\0005\000.\0006\000.\000\040\000A\000c\000t\000i\000o\000n\000\040\000o\000f\000\040\000t\000h\000e\000\040\000d\000i\000f\000f\000e\000r\000e\000n\000t\000i\000a\000l\000\040\000o\000n\000\040\000c\000o\000h\000o\000m\000o\000l\000o\000g\000y\000\040\000c\000l\000a\000s\000s\000e\000s}{section.5}% 23
\BOOKMARK [1][-]{section*.1}{\376\377\000R\000e\000f\000e\000r\000e\000n\000c\000e\000s}{}% 24
